The target system is: Windows - 10.0.19044 - x86
The host system is: Windows - 10.0.19044 - AMD64
Compiling the CXX compiler identification source file "CMakeCXXCompilerId.cpp" succeeded.
Compiler: C:/Program Files (x86)/Microsoft Visual Studio/2019/Community/VC/Tools/MSVC/14.29.30133/bin/Hostx64/x86/cl.exe 
Build flags: ;/nologo;/DWIN32;/D_WINDOWS;/W3;/utf-8;/GR;/EHsc;/MP;
Id flags:  

The output was:
0
CMakeCXXCompilerId.cpp


Compilation of the CXX compiler identification source "CMakeCXXCompilerId.cpp" produced "CMakeCXXCompilerId.exe"

Compilation of the CXX compiler identification source "CMakeCXXCompilerId.cpp" produced "CMakeCXXCompilerId.obj"

The CXX compiler identification is MSVC, found in "C:/src/vcpkg/buildtrees/jsoncpp/x86-windows-rel/CMakeFiles/3.24.2/CompilerIdCXX/CMakeCXXCompilerId.exe"

Detecting CXX compiler ABI info compiled with the following output:
Change Dir: C:/src/vcpkg/buildtrees/jsoncpp/x86-windows-rel/CMakeFiles/CMakeTmp

Run Build Command(s):C:/Program Files (x86)/Microsoft Visual Studio/2019/Community/Common7/IDE/CommonExtensions/Microsoft/CMake/Ninja/ninja.exe cmTC_6dbf3 && [1/2] Building CXX object CMakeFiles\cmTC_6dbf3.dir\CMakeCXXCompilerABI.cpp.obj
[2/2] Linking CXX executable cmTC_6dbf3.exe



Determining if the include file clocale exists passed with the following output:
Change Dir: C:/src/vcpkg/buildtrees/jsoncpp/x86-windows-rel/CMakeFiles/CMakeTmp

Run Build Command(s):C:/Program Files (x86)/Microsoft Visual Studio/2019/Community/Common7/IDE/CommonExtensions/Microsoft/CMake/Ninja/ninja.exe cmTC_4749f && [1/2] Building CXX object CMakeFiles\cmTC_4749f.dir\CheckIncludeFile.cxx.obj
[2/2] Linking CXX executable cmTC_4749f.exe



Determining if the localeconv exist passed with the following output:
Change Dir: C:/src/vcpkg/buildtrees/jsoncpp/x86-windows-rel/CMakeFiles/CMakeTmp

Run Build Command(s):C:/Program Files (x86)/Microsoft Visual Studio/2019/Community/Common7/IDE/CommonExtensions/Microsoft/CMake/Ninja/ninja.exe cmTC_a637d && [1/2] Building CXX object CMakeFiles\cmTC_a637d.dir\CheckSymbolExists.cxx.obj
[2/2] Linking CXX executable cmTC_a637d.exe


File C:/src/vcpkg/buildtrees/jsoncpp/x86-windows-rel/CMakeFiles/CMakeTmp/CheckSymbolExists.cxx:
/* */
#include <clocale>

int main(int argc, char** argv)
{
  (void)argv;
#ifndef localeconv
  return ((int*)(&localeconv))[argc];
#else
  (void)argc;
  return 0;
#endif
}
Determining if the include file sys/types.h exists passed with the following output:
Change Dir: C:/src/vcpkg/buildtrees/jsoncpp/x86-windows-rel/CMakeFiles/CMakeTmp

Run Build Command(s):C:/Program Files (x86)/Microsoft Visual Studio/2019/Community/Common7/IDE/CommonExtensions/Microsoft/CMake/Ninja/ninja.exe cmTC_9efb6 && [1/2] Building CXX object CMakeFiles\cmTC_9efb6.dir\CheckIncludeFile.cxx.obj
[2/2] Linking CXX executable cmTC_9efb6.exe



Determining if the include file stdint.h exists passed with the following output:
Change Dir: C:/src/vcpkg/buildtrees/jsoncpp/x86-windows-rel/CMakeFiles/CMakeTmp

Run Build Command(s):C:/Program Files (x86)/Microsoft Visual Studio/2019/Community/Common7/IDE/CommonExtensions/Microsoft/CMake/Ninja/ninja.exe cmTC_b3c07 && [1/2] Building CXX object CMakeFiles\cmTC_b3c07.dir\CheckIncludeFile.cxx.obj
[2/2] Linking CXX executable cmTC_b3c07.exe



Determining if the include file stddef.h exists passed with the following output:
Change Dir: C:/src/vcpkg/buildtrees/jsoncpp/x86-windows-rel/CMakeFiles/CMakeTmp

Run Build Command(s):C:/Program Files (x86)/Microsoft Visual Studio/2019/Community/Common7/IDE/CommonExtensions/Microsoft/CMake/Ninja/ninja.exe cmTC_6260d && [1/2] Building CXX object CMakeFiles\cmTC_6260d.dir\CheckIncludeFile.cxx.obj
[2/2] Linking CXX executable cmTC_6260d.exe



Determining size of lconv passed with the following output:
Change Dir: C:/src/vcpkg/buildtrees/jsoncpp/x86-windows-rel/CMakeFiles/CMakeTmp

Run Build Command(s):C:/Program Files (x86)/Microsoft Visual Studio/2019/Community/Common7/IDE/CommonExtensions/Microsoft/CMake/Ninja/ninja.exe cmTC_01b90 && [1/2] Building CXX object CMakeFiles\cmTC_01b90.dir\LCONV_SIZE.cpp.obj
[2/2] Linking CXX executable cmTC_01b90.exe



Performing C++ SOURCE FILE Test HAVE_DECIMAL_POINT succeeded with the following output:
Change Dir: C:/src/vcpkg/buildtrees/jsoncpp/x86-windows-rel/CMakeFiles/CMakeTmp

Run Build Command(s):C:/Program Files (x86)/Microsoft Visual Studio/2019/Community/Common7/IDE/CommonExtensions/Microsoft/CMake/Ninja/ninja.exe cmTC_d5303 && [1/2] Building CXX object CMakeFiles\cmTC_d5303.dir\src.cxx.obj
[2/2] Linking CXX executable cmTC_d5303.exe


Source file was:

#include <clocale>

int main()
{
  (void)sizeof(((lconv *)0)->decimal_point);
  return 0;
}

